[2025-12-22T08:46:50.307Z] Incoming Request: Content-Length=6901466 Content-Type=multipart/form-data; boundary=----WebKitFormBoundaryWTpssubOhOWBjlJz
Multer Error: File too large code=LIMIT_FILE_SIZE
[2025-12-22T09:03:25.651Z] Incoming Request: Content-Length=1823052 Content-Type=multipart/form-data; boundary=----WebKitFormBoundaryQzO7JXre53JBn3Nl
[2025-12-22T09:03:25.667Z] Upload Success: File=1766394205654-226542407.png
[2025-12-22T09:20:42.461Z] Incoming Request: Content-Length=1507034 Content-Type=multipart/form-data; boundary=----WebKitFormBoundaryl1prOPPcsnhXeSb0
[2025-12-22T09:20:42.484Z] Upload Success: File=1766395242469-211717863.png
[2025-12-22T09:23:27.338Z] Incoming Request: Content-Length=1910568 Content-Type=multipart/form-data; boundary=----WebKitFormBoundaryCqBdCjbNwBDDk87B
[2025-12-22T09:23:27.352Z] Upload Success: File=1766395407340-555053.png
[2025-12-22T09:28:41.882Z] Incoming Request: Content-Length=1910568 Content-Type=multipart/form-data; boundary=----WebKitFormBoundary5xMdz37hVBAGguxv
[2025-12-22T09:28:41.894Z] Upload Success: File=1766395721884-192639712.png
[2025-12-22T12:07:06.696Z] Incoming Request: Content-Length=1736992 Content-Type=multipart/form-data; boundary=----WebKitFormBoundaryed0LfhksjnyoxLdL
[2025-12-22T12:07:06.712Z] Incoming Request: Content-Length=1196945 Content-Type=multipart/form-data; boundary=----WebKitFormBoundaryn8A1ZKFhoSN4d1as
[2025-12-22T12:07:06.717Z] Incoming Request: Content-Length=1133131 Content-Type=multipart/form-data; boundary=----WebKitFormBoundarypZycTtdoytqhDBPl
[2025-12-22T12:07:06.737Z] Upload Success: File=1766405226714-793246719.png
[2025-12-22T12:07:06.740Z] Upload Success: File=1766405226718-647445124.png
[2025-12-22T12:07:06.745Z] Upload Success: File=1766405226709-211606984.png
[2025-12-22T12:08:00.739Z] Incoming Request: Content-Length=1736992 Content-Type=multipart/form-data; boundary=----WebKitFormBoundaryQfPmkvre5Q7wDzJa
[2025-12-22T12:08:00.741Z] Incoming Request: Content-Length=1196945 Content-Type=multipart/form-data; boundary=----WebKitFormBoundaryhVrKoIa8KX3OKmCm
[2025-12-22T12:08:00.743Z] Incoming Request: Content-Length=1133131 Content-Type=multipart/form-data; boundary=----WebKitFormBoundaryYIX3IqH7EjeiEKnF
[2025-12-22T12:08:00.758Z] Upload Success: File=1766405280742-658328744.png
[2025-12-22T12:08:00.760Z] Upload Success: File=1766405280744-66152983.png
[2025-12-22T12:08:00.766Z] Upload Success: File=1766405280740-788199741.png
[2025-12-22T12:14:31.862Z] Incoming Request: Content-Length=1866130 Content-Type=multipart/form-data; boundary=----WebKitFormBoundaryB0O13V11sbvuTQP3
[2025-12-22T12:14:31.865Z] Incoming Request: Content-Length=1318302 Content-Type=multipart/form-data; boundary=----WebKitFormBoundaryyeQIDyzhe9OUNa9q
[2025-12-22T12:14:31.867Z] Incoming Request: Content-Length=1310742 Content-Type=multipart/form-data; boundary=----WebKitFormBoundarynSg6DclrX1Z0MLCY
[2025-12-22T12:14:31.880Z] Upload Success: File=1766405671866-373659967.png
[2025-12-22T12:14:31.886Z] Upload Success: File=1766405671863-700808292.png
[2025-12-22T12:14:31.890Z] Upload Success: File=1766405671868-98076816.png
